<?xml version="1.0" encoding="utf-8"?><testsuites name="pytest tests"><testsuite name="pytest" errors="0" failures="0" skipped="0" tests="19" time="3.670" timestamp="2026-03-12T07:17:44.117180+00:00" hostname="agent-env-5cef93fc-e6ac-4a25-926b-a0feb6c7deb5"><testcase classname="backend.tests.test_memory_optimization.TestBacktestWithMLToggle" name="test_backtest_trendshift_with_ml_filter_enabled" time="1.177" /><testcase classname="backend.tests.test_memory_optimization.TestBacktestWithMLToggle" name="test_backtest_trendshift_with_ml_filter_disabled" time="0.125" /><testcase classname="backend.tests.test_memory_optimization.TestBacktestWithMLToggle" name="test_backtest_results_list" time="0.187" /><testcase classname="backend.tests.test_memory_optimization.TestOptimizerWithCombinationLimit" name="test_optimizer_small_grid_completes" time="0.227" /><testcase classname="backend.tests.test_memory_optimization.TestOptimizerWithCombinationLimit" name="test_optimizer_rejects_over_2000_combinations" time="0.168" /><testcase classname="backend.tests.test_memory_optimization.TestOptimizerWithCombinationLimit" name="test_optimizer_trendshift_with_ml_filter" time="0.156" /><testcase classname="backend.tests.test_memory_optimization.TestOptimizerWithCombinationLimit" name="test_optimizer_results_list" time="0.130" /><testcase classname="backend.tests.test_memory_optimization.TestWalkForwardOptimization" name="test_walkforward_sma_crossover" time="0.249" /><testcase classname="backend.tests.test_memory_optimization.TestWalkForwardOptimization" name="test_walkforward_results_list" time="0.111" /><testcase classname="backend.tests.test_memory_optimization.TestJobQueueSystem" name="test_list_jobs" time="0.106" /><testcase classname="backend.tests.test_memory_optimization.TestJobQueueSystem" name="test_list_jobs_by_kind" time="0.095" /><testcase classname="backend.tests.test_memory_optimization.TestJobQueueSystem" name="test_list_optimizer_jobs" time="0.106" /><testcase classname="backend.tests.test_memory_optimization.TestChartCandlesEndpoint" name="test_chart_candles_basic" time="0.113" /><testcase classname="backend.tests.test_memory_optimization.TestChartCandlesEndpoint" name="test_chart_candles_with_indicators" time="0.107" /><testcase classname="backend.tests.test_memory_optimization.TestSettingsEndpoint" name="test_get_settings" time="0.104" /><testcase classname="backend.tests.test_memory_optimization.TestStrategiesEndpoint" name="test_list_strategies_includes_trendshift" time="0.115" /><testcase classname="backend.tests.test_memory_optimization.TestTradeJournal" name="test_journal_returns_data" time="0.100" /><testcase classname="backend.tests.test_memory_optimization.TestMLModels" name="test_list_ml_models" time="0.104" /><testcase classname="backend.tests.test_memory_optimization.TestDashboardSummary" name="test_dashboard_loads" time="0.105" /></testsuite></testsuites>