<?xml version="1.0" encoding="utf-8"?><testsuites name="pytest tests"><testsuite name="pytest" errors="0" failures="0" skipped="0" tests="20" time="0.261" timestamp="2026-03-12T05:43:17.163130+00:00" hostname="agent-env-f1b5c782-c219-4396-bb75-9b11090bb406"><testcase classname="tests.test_api_endpoints.TestHealthCheck" name="test_health_endpoint" time="0.004" /><testcase classname="tests.test_api_endpoints.TestJournalAPI" name="test_get_journal_summary" time="0.004" /><testcase classname="tests.test_api_endpoints.TestJournalAPI" name="test_get_journal_with_filters" time="0.003" /><testcase classname="tests.test_api_endpoints.TestJournalAPI" name="test_export_journal_csv" time="0.003" /><testcase classname="tests.test_api_endpoints.TestJournalAPI" name="test_export_journal_json" time="0.003" /><testcase classname="tests.test_api_endpoints.TestChartAPI" name="test_get_chart_candles" time="0.005" /><testcase classname="tests.test_api_endpoints.TestChartAPI" name="test_chart_with_different_timeframe" time="0.022" /><testcase classname="tests.test_api_endpoints.TestZerodhaAuthAPI" name="test_zerodha_auth_start_no_credentials" time="0.003" /><testcase classname="tests.test_api_endpoints.TestZerodhaAuthAPI" name="test_zerodha_auth_status" time="0.002" /><testcase classname="tests.test_api_endpoints.TestBacktestAPI" name="test_walk_forward_backtest" time="0.010" /><testcase classname="tests.test_api_endpoints.TestBacktestAPI" name="test_backtest_run" time="0.009" /><testcase classname="tests.test_api_endpoints.TestAlertsAPI" name="test_alerts_status" time="0.002" /><testcase classname="tests.test_api_endpoints.TestAlertsAPI" name="test_alerts_test_no_credentials" time="0.002" /><testcase classname="tests.test_api_endpoints.TestSignalsAPI" name="test_generate_signals_trendshift" time="0.088" /><testcase classname="tests.test_api_endpoints.TestSignalsAPI" name="test_generate_signals_sma" time="0.007" /><testcase classname="tests.test_api_endpoints.TestBotControlAPI" name="test_bot_start_multi_paper" time="0.031" /><testcase classname="tests.test_api_endpoints.TestBotControlAPI" name="test_bot_stop" time="0.003" /><testcase classname="tests.test_api_endpoints.TestBotControlAPI" name="test_bot_status" time="0.001" /><testcase classname="tests.test_api_endpoints.TestDashboardAPI" name="test_dashboard_summary" time="0.005" /><testcase classname="tests.test_api_endpoints.TestStrategiesAPI" name="test_list_strategies" time="0.002" /></testsuite></testsuites>